<?xml version="1.0" encoding="UTF-8"?>
<testng-results ignored="0" total="2" passed="2" failed="0" skipped="0">
  <reporter-output>
  </reporter-output>
  <suite started-at="2023-11-03T20:57:14 EET" name="Default suite" finished-at="2023-11-03T20:57:21 EET" duration-ms="6812">
    <groups>
    </groups>
    <test started-at="2023-11-03T20:57:14 EET" name="Default test" finished-at="2023-11-03T20:57:21 EET" duration-ms="6812">
      <class name="tests.Alomosafer_Tests">
        <test-method signature="testGETRequest()[pri:0, instance:tests.Alomosafer_Tests@1af2d44a]" started-at="2023-11-03T20:57:14 EET" name="testGETRequest" finished-at="2023-11-03T20:57:19 EET" duration-ms="5185" status="PASS">
          <reporter-output>
          </reporter-output>
        </test-method> <!-- testGETRequest -->
        <test-method signature="testPOSTRequestWithResponseFromBody()[pri:0, instance:tests.Alomosafer_Tests@1af2d44a]" started-at="2023-11-03T20:57:19 EET" name="testPOSTRequestWithResponseFromBody" finished-at="2023-11-03T20:57:21 EET" duration-ms="1593" status="PASS">
          <reporter-output>
          </reporter-output>
        </test-method> <!-- testPOSTRequestWithResponseFromBody -->
      </class> <!-- tests.Alomosafer_Tests -->
    </test> <!-- Default test -->
  </suite> <!-- Default suite -->
</testng-results>
