<?xml version="1.0" encoding="UTF-8"?>
<testng-results ignored="0" total="1" passed="1" failed="0" skipped="0">
  <reporter-output>
  </reporter-output>
  <suite started-at="2023-11-02T21:05:46 EET" name="Default suite" finished-at="2023-11-02T21:05:50 EET" duration-ms="3524">
    <groups>
    </groups>
    <test started-at="2023-11-02T21:05:46 EET" name="Default test" finished-at="2023-11-02T21:05:50 EET" duration-ms="3524">
      <class name="tests.POST_TRIP_INFO">
        <test-method signature="testPOSTRequestWithResponseFromBody()[pri:0, instance:tests.POST_TRIP_INFO@1e04fa0a]" started-at="2023-11-02T21:05:46 EET" name="testPOSTRequestWithResponseFromBody" finished-at="2023-11-02T21:05:50 EET" duration-ms="3480" status="PASS">
          <reporter-output>
          </reporter-output>
        </test-method> <!-- testPOSTRequestWithResponseFromBody -->
      </class> <!-- tests.POST_TRIP_INFO -->
    </test> <!-- Default test -->
  </suite> <!-- Default suite -->
</testng-results>
